{"/Users/ericfriday/dev/clippyjs/packages/ai/rollup.config.js": {"path":"/Users/ericfriday/dev/clippyjs/packages/ai/rollup.config.js","all":true,"statementMap":{"0":{"start":{"line":1,"column":0},"end":{"line":1,"column":51}},"1":{"start":{"line":2,"column":0},"end":{"line":2,"column":50}},"2":{"start":{"line":3,"column":0},"end":{"line":3,"column":47}},"3":{"start":{"line":4,"column":0},"end":{"line":4,"column":43}},"4":{"start":{"line":5,"column":0},"end":{"line":5,"column":45}},"6":{"start":{"line":7,"column":0},"end":{"line":7,"column":16}},"7":{"start":{"line":8,"column":0},"end":{"line":8,"column":24}},"8":{"start":{"line":9,"column":0},"end":{"line":9,"column":11}},"9":{"start":{"line":10,"column":0},"end":{"line":10,"column":5}},"10":{"start":{"line":11,"column":0},"end":{"line":11,"column":28}},"11":{"start":{"line":12,"column":0},"end":{"line":12,"column":20}},"12":{"start":{"line":13,"column":0},"end":{"line":13,"column":22}},"13":{"start":{"line":14,"column":0},"end":{"line":14,"column":23}},"14":{"start":{"line":15,"column":0},"end":{"line":15,"column":6}},"15":{"start":{"line":16,"column":0},"end":{"line":16,"column":5}},"16":{"start":{"line":17,"column":0},"end":{"line":17,"column":32}},"17":{"start":{"line":18,"column":0},"end":{"line":18,"column":20}},"18":{"start":{"line":19,"column":0},"end":{"line":19,"column":22}},"19":{"start":{"line":20,"column":0},"end":{"line":20,"column":6}},"20":{"start":{"line":21,"column":0},"end":{"line":21,"column":4}},"21":{"start":{"line":22,"column":0},"end":{"line":22,"column":13}},"22":{"start":{"line":23,"column":0},"end":{"line":23,"column":12}},"23":{"start":{"line":24,"column":0},"end":{"line":24,"column":16}},"24":{"start":{"line":25,"column":0},"end":{"line":25,"column":24}},"25":{"start":{"line":26,"column":0},"end":{"line":26,"column":21}},"26":{"start":{"line":27,"column":0},"end":{"line":27,"column":4}},"27":{"start":{"line":28,"column":0},"end":{"line":28,"column":12}},"28":{"start":{"line":29,"column":0},"end":{"line":29,"column":13}},"29":{"start":{"line":30,"column":0},"end":{"line":30,"column":59}},"30":{"start":{"line":31,"column":0},"end":{"line":31,"column":30}},"31":{"start":{"line":32,"column":0},"end":{"line":32,"column":7}},"32":{"start":{"line":33,"column":0},"end":{"line":33,"column":13}},"33":{"start":{"line":34,"column":0},"end":{"line":34,"column":49}},"34":{"start":{"line":35,"column":0},"end":{"line":35,"column":7}},"35":{"start":{"line":36,"column":0},"end":{"line":36,"column":15}},"36":{"start":{"line":37,"column":0},"end":{"line":37,"column":16}},"37":{"start":{"line":38,"column":0},"end":{"line":38,"column":34}},"38":{"start":{"line":39,"column":0},"end":{"line":39,"column":24}},"39":{"start":{"line":40,"column":0},"end":{"line":40,"column":31}},"40":{"start":{"line":41,"column":0},"end":{"line":41,"column":23}},"41":{"start":{"line":42,"column":0},"end":{"line":42,"column":7}},"42":{"start":{"line":43,"column":0},"end":{"line":43,"column":13}},"43":{"start":{"line":44,"column":0},"end":{"line":44,"column":4}},"44":{"start":{"line":45,"column":0},"end":{"line":45,"column":2}}},"s":{"0":0,"1":0,"2":0,"3":0,"4":0,"6":0,"7":0,"8":0,"9":0,"10":0,"11":0,"12":0,"13":0,"14":0,"15":0,"16":0,"17":0,"18":0,"19":0,"20":0,"21":0,"22":0,"23":0,"24":0,"25":0,"26":0,"27":0,"28":0,"29":0,"30":0,"31":0,"32":0,"33":0,"34":0,"35":0,"36":0,"37":0,"38":0,"39":0,"40":0,"41":0,"42":0,"43":0,"44":0},"branchMap":{"0":{"type":"branch","line":1,"loc":{"start":{"line":1,"column":973},"end":{"line":45,"column":2}},"locations":[{"start":{"line":1,"column":973},"end":{"line":45,"column":2}}]}},"b":{"0":[0]},"fnMap":{"0":{"name":"(empty-report)","decl":{"start":{"line":1,"column":973},"end":{"line":45,"column":2}},"loc":{"start":{"line":1,"column":973},"end":{"line":45,"column":2}},"line":1}},"f":{"0":0}}
,"/Users/ericfriday/dev/clippyjs/packages/ai/vitest.config.ts": {"path":"/Users/ericfriday/dev/clippyjs/packages/ai/vitest.config.ts","all":true,"statementMap":{"0":{"start":{"line":1,"column":0},"end":{"line":1,"column":45}},"2":{"start":{"line":3,"column":0},"end":{"line":3,"column":29}},"3":{"start":{"line":4,"column":0},"end":{"line":4,"column":9}},"4":{"start":{"line":5,"column":0},"end":{"line":5,"column":18}},"5":{"start":{"line":6,"column":0},"end":{"line":6,"column":25}},"6":{"start":{"line":7,"column":0},"end":{"line":7,"column":37}},"7":{"start":{"line":8,"column":0},"end":{"line":8,"column":15}},"8":{"start":{"line":9,"column":0},"end":{"line":9,"column":21}},"9":{"start":{"line":10,"column":0},"end":{"line":10,"column":41}},"10":{"start":{"line":11,"column":0},"end":{"line":11,"column":16}},"11":{"start":{"line":12,"column":0},"end":{"line":12,"column":24}},"12":{"start":{"line":13,"column":0},"end":{"line":13,"column":16}},"13":{"start":{"line":14,"column":0},"end":{"line":14,"column":17}},"14":{"start":{"line":15,"column":0},"end":{"line":15,"column":23}},"15":{"start":{"line":16,"column":0},"end":{"line":16,"column":24}},"16":{"start":{"line":17,"column":0},"end":{"line":17,"column":8}},"17":{"start":{"line":18,"column":0},"end":{"line":18,"column":6}},"18":{"start":{"line":19,"column":0},"end":{"line":19,"column":4}},"19":{"start":{"line":20,"column":0},"end":{"line":20,"column":3}}},"s":{"0":0,"2":0,"3":0,"4":0,"5":0,"6":0,"7":0,"8":0,"9":0,"10":0,"11":0,"12":0,"13":0,"14":0,"15":0,"16":0,"17":0,"18":0,"19":0},"branchMap":{"0":{"type":"branch","line":1,"loc":{"start":{"line":1,"column":400},"end":{"line":20,"column":3}},"locations":[{"start":{"line":1,"column":400},"end":{"line":20,"column":3}}]}},"b":{"0":[0]},"fnMap":{"0":{"name":"(empty-report)","decl":{"start":{"line":1,"column":400},"end":{"line":20,"column":3}},"loc":{"start":{"line":1,"column":400},"end":{"line":20,"column":3}},"line":1}},"f":{"0":0}}
,"/Users/ericfriday/dev/clippyjs/packages/ai/src/index.ts": {"path":"/Users/ericfriday/dev/clippyjs/packages/ai/src/index.ts","all":true,"statementMap":{"8":{"start":{"line":9,"column":0},"end":{"line":9,"column":8}},"31":{"start":{"line":32,"column":0},"end":{"line":32,"column":8}},"36":{"start":{"line":37,"column":0},"end":{"line":37,"column":8}},"42":{"start":{"line":43,"column":0},"end":{"line":43,"column":8}},"47":{"start":{"line":48,"column":0},"end":{"line":48,"column":8}},"51":{"start":{"line":52,"column":0},"end":{"line":52,"column":8}},"60":{"start":{"line":61,"column":0},"end":{"line":61,"column":8}}},"s":{"8":0,"31":0,"36":0,"42":0,"47":0,"51":0,"60":0},"branchMap":{"0":{"type":"branch","line":1,"loc":{"start":{"line":1,"column":1484},"end":{"line":70,"column":43}},"locations":[{"start":{"line":1,"column":1484},"end":{"line":70,"column":43}}]}},"b":{"0":[1]},"fnMap":{"0":{"name":"(empty-report)","decl":{"start":{"line":1,"column":1484},"end":{"line":70,"column":43}},"loc":{"start":{"line":1,"column":1484},"end":{"line":70,"column":43}},"line":1}},"f":{"0":1}}
,"/Users/ericfriday/dev/clippyjs/packages/ai/src/context/AppStateContext.ts": {"path":"/Users/ericfriday/dev/clippyjs/packages/ai/src/context/AppStateContext.ts","all":false,"statementMap":{"18":{"start":{"line":19,"column":0},"end":{"line":19,"column":65}},"19":{"start":{"line":20,"column":0},"end":{"line":20,"column":21}},"20":{"start":{"line":21,"column":0},"end":{"line":21,"column":60}},"22":{"start":{"line":23,"column":0},"end":{"line":23,"column":61}},"24":{"start":{"line":25,"column":0},"end":{"line":25,"column":40}},"25":{"start":{"line":26,"column":0},"end":{"line":26,"column":12}},"26":{"start":{"line":27,"column":0},"end":{"line":27,"column":28}},"27":{"start":{"line":28,"column":0},"end":{"line":28,"column":28}},"28":{"start":{"line":29,"column":0},"end":{"line":29,"column":28}},"29":{"start":{"line":30,"column":0},"end":{"line":30,"column":6}},"30":{"start":{"line":31,"column":0},"end":{"line":31,"column":3}},"32":{"start":{"line":33,"column":0},"end":{"line":33,"column":51}},"34":{"start":{"line":35,"column":0},"end":{"line":35,"column":16}},"35":{"start":{"line":36,"column":0},"end":{"line":36,"column":3}},"40":{"start":{"line":41,"column":0},"end":{"line":41,"column":18}},"41":{"start":{"line":42,"column":0},"end":{"line":42,"column":24}},"42":{"start":{"line":43,"column":0},"end":{"line":43,"column":3}},"47":{"start":{"line":48,"column":0},"end":{"line":48,"column":19}},"48":{"start":{"line":49,"column":0},"end":{"line":49,"column":25}},"49":{"start":{"line":50,"column":0},"end":{"line":50,"column":3}},"50":{"start":{"line":51,"column":0},"end":{"line":51,"column":1}}},"s":{"18":1,"19":1,"20":1,"22":1,"24":1,"25":3,"26":3,"27":3,"28":3,"29":3,"30":3,"32":1,"34":2,"35":2,"40":1,"41":2,"42":2,"47":1,"48":1,"49":1,"50":1},"branchMap":{"0":{"type":"branch","line":23,"loc":{"start":{"line":23,"column":2},"end":{"line":23,"column":61}},"locations":[{"start":{"line":23,"column":2},"end":{"line":23,"column":61}}]},"1":{"type":"branch","line":25,"loc":{"start":{"line":25,"column":2},"end":{"line":31,"column":3}},"locations":[{"start":{"line":25,"column":2},"end":{"line":31,"column":3}}]},"2":{"type":"branch","line":33,"loc":{"start":{"line":33,"column":2},"end":{"line":36,"column":3}},"locations":[{"start":{"line":33,"column":2},"end":{"line":36,"column":3}}]},"3":{"type":"branch","line":41,"loc":{"start":{"line":41,"column":2},"end":{"line":43,"column":3}},"locations":[{"start":{"line":41,"column":2},"end":{"line":43,"column":3}}]},"4":{"type":"branch","line":48,"loc":{"start":{"line":48,"column":2},"end":{"line":50,"column":3}},"locations":[{"start":{"line":48,"column":2},"end":{"line":50,"column":3}}]}},"b":{"0":[6],"1":[3],"2":[2],"3":[2],"4":[1]},"fnMap":{"0":{"name":"AppStateContextProvider","decl":{"start":{"line":23,"column":2},"end":{"line":23,"column":61}},"loc":{"start":{"line":23,"column":2},"end":{"line":23,"column":61}},"line":23},"1":{"name":"gather","decl":{"start":{"line":25,"column":2},"end":{"line":31,"column":3}},"loc":{"start":{"line":25,"column":2},"end":{"line":31,"column":3}},"line":25},"2":{"name":"shouldInclude","decl":{"start":{"line":33,"column":2},"end":{"line":36,"column":3}},"loc":{"start":{"line":33,"column":2},"end":{"line":36,"column":3}},"line":33},"3":{"name":"enable","decl":{"start":{"line":41,"column":2},"end":{"line":43,"column":3}},"loc":{"start":{"line":41,"column":2},"end":{"line":43,"column":3}},"line":41},"4":{"name":"disable","decl":{"start":{"line":48,"column":2},"end":{"line":50,"column":3}},"loc":{"start":{"line":48,"column":2},"end":{"line":50,"column":3}},"line":48}},"f":{"0":6,"1":3,"2":2,"3":2,"4":1}}
,"/Users/ericfriday/dev/clippyjs/packages/ai/src/context/ContextProvider.ts": {"path":"/Users/ericfriday/dev/clippyjs/packages/ai/src/context/ContextProvider.ts","all":true,"statementMap":{},"s":{},"branchMap":{"0":{"type":"branch","line":1,"loc":{"start":{"line":1,"column":1119},"end":{"line":44,"column":1}},"locations":[{"start":{"line":1,"column":1119},"end":{"line":44,"column":1}}]}},"b":{"0":[1]},"fnMap":{"0":{"name":"(empty-report)","decl":{"start":{"line":1,"column":1119},"end":{"line":44,"column":1}},"loc":{"start":{"line":1,"column":1119},"end":{"line":44,"column":1}},"line":1}},"f":{"0":1}}
,"/Users/ericfriday/dev/clippyjs/packages/ai/src/context/DOMContext.ts": {"path":"/Users/ericfriday/dev/clippyjs/packages/ai/src/context/DOMContext.ts","all":false,"statementMap":{"20":{"start":{"line":21,"column":0},"end":{"line":21,"column":60}},"21":{"start":{"line":22,"column":0},"end":{"line":22,"column":15}},"22":{"start":{"line":23,"column":0},"end":{"line":23,"column":17}},"24":{"start":{"line":25,"column":0},"end":{"line":25,"column":40}},"25":{"start":{"line":26,"column":0},"end":{"line":26,"column":12}},"26":{"start":{"line":27,"column":0},"end":{"line":27,"column":22}},"27":{"start":{"line":28,"column":0},"end":{"line":28,"column":28}},"28":{"start":{"line":29,"column":0},"end":{"line":29,"column":13}},"29":{"start":{"line":30,"column":0},"end":{"line":30,"column":34}},"30":{"start":{"line":31,"column":0},"end":{"line":31,"column":30}},"31":{"start":{"line":32,"column":0},"end":{"line":32,"column":41}},"32":{"start":{"line":33,"column":0},"end":{"line":33,"column":34}},"33":{"start":{"line":34,"column":0},"end":{"line":34,"column":43}},"34":{"start":{"line":35,"column":0},"end":{"line":35,"column":37}},"35":{"start":{"line":36,"column":0},"end":{"line":36,"column":26}},"36":{"start":{"line":37,"column":0},"end":{"line":37,"column":6}},"37":{"start":{"line":38,"column":0},"end":{"line":38,"column":3}},"39":{"start":{"line":40,"column":0},"end":{"line":40,"column":51}},"41":{"start":{"line":42,"column":0},"end":{"line":42,"column":16}},"42":{"start":{"line":43,"column":0},"end":{"line":43,"column":3}},"47":{"start":{"line":48,"column":0},"end":{"line":48,"column":39}},"48":{"start":{"line":49,"column":0},"end":{"line":49,"column":62}},"49":{"start":{"line":50,"column":0},"end":{"line":50,"column":40}},"50":{"start":{"line":51,"column":0},"end":{"line":51,"column":35}},"51":{"start":{"line":52,"column":0},"end":{"line":52,"column":3}},"56":{"start":{"line":57,"column":0},"end":{"line":57,"column":67}},"57":{"start":{"line":58,"column":0},"end":{"line":58,"column":73}},"58":{"start":{"line":59,"column":0},"end":{"line":59,"column":31}},"59":{"start":{"line":60,"column":0},"end":{"line":60,"column":74}},"60":{"start":{"line":61,"column":0},"end":{"line":61,"column":25}},"61":{"start":{"line":62,"column":0},"end":{"line":62,"column":50}},"62":{"start":{"line":63,"column":0},"end":{"line":63,"column":61}},"63":{"start":{"line":64,"column":0},"end":{"line":64,"column":10}},"64":{"start":{"line":65,"column":0},"end":{"line":65,"column":25}},"65":{"start":{"line":66,"column":0},"end":{"line":66,"column":8}},"66":{"start":{"line":67,"column":0},"end":{"line":67,"column":3}},"71":{"start":{"line":72,"column":0},"end":{"line":72,"column":36}},"72":{"start":{"line":73,"column":0},"end":{"line":73,"column":45}},"73":{"start":{"line":74,"column":0},"end":{"line":74,"column":20}},"74":{"start":{"line":75,"column":0},"end":{"line":75,"column":27}},"75":{"start":{"line":76,"column":0},"end":{"line":76,"column":7}},"76":{"start":{"line":77,"column":0},"end":{"line":77,"column":31}},"77":{"start":{"line":78,"column":0},"end":{"line":78,"column":44}},"78":{"start":{"line":79,"column":0},"end":{"line":79,"column":55}},"81":{"start":{"line":82,"column":0},"end":{"line":82,"column":56}},"82":{"start":{"line":83,"column":0},"end":{"line":83,"column":14}},"83":{"start":{"line":84,"column":0},"end":{"line":84,"column":39}},"84":{"start":{"line":85,"column":0},"end":{"line":85,"column":44}},"85":{"start":{"line":86,"column":0},"end":{"line":86,"column":33}},"86":{"start":{"line":87,"column":0},"end":{"line":87,"column":13}},"87":{"start":{"line":88,"column":0},"end":{"line":88,"column":44}},"88":{"start":{"line":89,"column":0},"end":{"line":89,"column":11}},"91":{"start":{"line":92,"column":0},"end":{"line":92,"column":55}},"92":{"start":{"line":93,"column":0},"end":{"line":93,"column":60}},"93":{"start":{"line":94,"column":0},"end":{"line":94,"column":44}},"94":{"start":{"line":95,"column":0},"end":{"line":95,"column":11}},"96":{"start":{"line":97,"column":0},"end":{"line":97,"column":42}},"97":{"start":{"line":98,"column":0},"end":{"line":98,"column":10}},"98":{"start":{"line":99,"column":0},"end":{"line":99,"column":7}},"99":{"start":{"line":100,"column":0},"end":{"line":100,"column":6}},"101":{"start":{"line":102,"column":0},"end":{"line":102,"column":35}},"102":{"start":{"line":103,"column":0},"end":{"line":103,"column":13}},"103":{"start":{"line":104,"column":0},"end":{"line":104,"column":40}},"104":{"start":{"line":105,"column":0},"end":{"line":105,"column":44}},"105":{"start":{"line":106,"column":0},"end":{"line":106,"column":36}},"106":{"start":{"line":107,"column":0},"end":{"line":107,"column":29}},"107":{"start":{"line":108,"column":0},"end":{"line":108,"column":7}},"108":{"start":{"line":109,"column":0},"end":{"line":109,"column":5}},"111":{"start":{"line":112,"column":0},"end":{"line":112,"column":46}},"112":{"start":{"line":113,"column":0},"end":{"line":113,"column":3}},"117":{"start":{"line":118,"column":0},"end":{"line":118,"column":53}},"118":{"start":{"line":119,"column":0},"end":{"line":119,"column":44}},"120":{"start":{"line":121,"column":0},"end":{"line":121,"column":78}},"121":{"start":{"line":122,"column":0},"end":{"line":122,"column":76}},"122":{"start":{"line":123,"column":0},"end":{"line":123,"column":50}},"123":{"start":{"line":124,"column":0},"end":{"line":124,"column":28}},"124":{"start":{"line":125,"column":0},"end":{"line":125,"column":29}},"125":{"start":{"line":126,"column":0},"end":{"line":126,"column":7}},"126":{"start":{"line":127,"column":0},"end":{"line":127,"column":7}},"128":{"start":{"line":129,"column":0},"end":{"line":129,"column":16}},"129":{"start":{"line":130,"column":0},"end":{"line":130,"column":3}},"130":{"start":{"line":131,"column":0},"end":{"line":131,"column":1}}},"s":{"20":1,"21":10,"22":10,"24":1,"25":8,"26":8,"27":8,"28":8,"29":8,"30":8,"31":8,"32":8,"33":8,"34":8,"35":8,"36":8,"37":8,"39":1,"41":2,"42":2,"47":1,"48":8,"49":8,"50":8,"51":8,"56":1,"57":8,"58":6,"59":6,"60":6,"61":12,"62":12,"63":6,"64":6,"65":8,"66":8,"71":1,"72":8,"73":8,"74":8,"75":8,"76":8,"77":98,"78":98,"81":98,"82":98,"83":98,"84":97,"85":96,"86":98,"87":2,"88":2,"91":96,"92":98,"93":0,"94":0,"96":96,"97":98,"98":8,"99":8,"101":8,"102":8,"103":8,"104":96,"105":96,"106":20,"107":20,"108":96,"111":8,"112":8,"117":1,"118":8,"120":8,"121":12,"122":12,"123":12,"124":12,"125":12,"126":8,"128":8,"129":8,"130":1},"branchMap":{"0":{"type":"branch","line":21,"loc":{"start":{"line":21,"column":7},"end":{"line":23,"column":17}},"locations":[{"start":{"line":21,"column":7},"end":{"line":23,"column":17}}]},"1":{"type":"branch","line":25,"loc":{"start":{"line":25,"column":2},"end":{"line":38,"column":3}},"locations":[{"start":{"line":25,"column":2},"end":{"line":38,"column":3}}]},"2":{"type":"branch","line":40,"loc":{"start":{"line":40,"column":2},"end":{"line":43,"column":3}},"locations":[{"start":{"line":40,"column":2},"end":{"line":43,"column":3}}]},"3":{"type":"branch","line":48,"loc":{"start":{"line":48,"column":10},"end":{"line":52,"column":3}},"locations":[{"start":{"line":48,"column":10},"end":{"line":52,"column":3}}]},"4":{"type":"branch","line":50,"loc":{"start":{"line":50,"column":11},"end":{"line":50,"column":39}},"locations":[{"start":{"line":50,"column":11},"end":{"line":50,"column":39}}]},"5":{"type":"branch","line":57,"loc":{"start":{"line":57,"column":10},"end":{"line":67,"column":3}},"locations":[{"start":{"line":57,"column":10},"end":{"line":67,"column":3}}]},"6":{"type":"branch","line":58,"loc":{"start":{"line":58,"column":61},"end":{"line":66,"column":6}},"locations":[{"start":{"line":58,"column":61},"end":{"line":66,"column":6}}]},"7":{"type":"branch","line":59,"loc":{"start":{"line":59,"column":15},"end":{"line":59,"column":31}},"locations":[{"start":{"line":59,"column":15},"end":{"line":59,"column":31}}]},"8":{"type":"branch","line":61,"loc":{"start":{"line":61,"column":13},"end":{"line":64,"column":9}},"locations":[{"start":{"line":61,"column":13},"end":{"line":64,"column":9}}]},"9":{"type":"branch","line":63,"loc":{"start":{"line":63,"column":23},"end":{"line":63,"column":43}},"locations":[{"start":{"line":63,"column":23},"end":{"line":63,"column":43}}]},"10":{"type":"branch","line":63,"loc":{"start":{"line":63,"column":37},"end":{"line":63,"column":61}},"locations":[{"start":{"line":63,"column":37},"end":{"line":63,"column":61}}]},"11":{"type":"branch","line":72,"loc":{"start":{"line":72,"column":10},"end":{"line":113,"column":3}},"locations":[{"start":{"line":72,"column":10},"end":{"line":113,"column":3}}]},"12":{"type":"branch","line":104,"loc":{"start":{"line":104,"column":39},"end":{"line":109,"column":5}},"locations":[{"start":{"line":104,"column":39},"end":{"line":109,"column":5}}]},"13":{"type":"branch","line":106,"loc":{"start":{"line":106,"column":10},"end":{"line":106,"column":35}},"locations":[{"start":{"line":106,"column":10},"end":{"line":106,"column":35}}]},"14":{"type":"branch","line":106,"loc":{"start":{"line":106,"column":35},"end":{"line":108,"column":7}},"locations":[{"start":{"line":106,"column":35},"end":{"line":108,"column":7}}]},"15":{"type":"branch","line":77,"loc":{"start":{"line":77,"column":20},"end":{"line":98,"column":10}},"locations":[{"start":{"line":77,"column":20},"end":{"line":98,"column":10}}]},"16":{"type":"branch","line":79,"loc":{"start":{"line":79,"column":23},"end":{"line":79,"column":55}},"locations":[{"start":{"line":79,"column":23},"end":{"line":79,"column":55}}]},"17":{"type":"branch","line":84,"loc":{"start":{"line":84,"column":30},"end":{"line":85,"column":44}},"locations":[{"start":{"line":84,"column":30},"end":{"line":85,"column":44}}]},"18":{"type":"branch","line":85,"loc":{"start":{"line":85,"column":33},"end":{"line":86,"column":33}},"locations":[{"start":{"line":85,"column":33},"end":{"line":86,"column":33}}]},"19":{"type":"branch","line":87,"loc":{"start":{"line":87,"column":12},"end":{"line":89,"column":11}},"locations":[{"start":{"line":87,"column":12},"end":{"line":89,"column":11}}]},"20":{"type":"branch","line":89,"loc":{"start":{"line":89,"column":10},"end":{"line":93,"column":59}},"locations":[{"start":{"line":89,"column":10},"end":{"line":93,"column":59}}]},"21":{"type":"branch","line":93,"loc":{"start":{"line":93,"column":59},"end":{"line":95,"column":11}},"locations":[{"start":{"line":93,"column":59},"end":{"line":95,"column":11}}]},"22":{"type":"branch","line":95,"loc":{"start":{"line":95,"column":10},"end":{"line":97,"column":42}},"locations":[{"start":{"line":95,"column":10},"end":{"line":97,"column":42}}]},"23":{"type":"branch","line":118,"loc":{"start":{"line":118,"column":10},"end":{"line":130,"column":3}},"locations":[{"start":{"line":118,"column":10},"end":{"line":130,"column":3}}]},"24":{"type":"branch","line":121,"loc":{"start":{"line":121,"column":68},"end":{"line":127,"column":5}},"locations":[{"start":{"line":121,"column":68},"end":{"line":127,"column":5}}]},"25":{"type":"branch","line":122,"loc":{"start":{"line":122,"column":42},"end":{"line":122,"column":76}},"locations":[{"start":{"line":122,"column":42},"end":{"line":122,"column":76}}]}},"b":{"0":[10],"1":[8],"2":[2],"3":[8],"4":[12],"5":[8],"6":[6],"7":[0],"8":[12],"9":[0],"10":[0],"11":[8],"12":[96],"13":[20],"14":[20],"15":[98],"16":[0],"17":[97],"18":[96],"19":[2],"20":[96],"21":[0],"22":[96],"23":[8],"24":[12],"25":[6]},"fnMap":{"0":{"name":"DOMContextProvider","decl":{"start":{"line":21,"column":7},"end":{"line":23,"column":17}},"loc":{"start":{"line":21,"column":7},"end":{"line":23,"column":17}},"line":21},"1":{"name":"gather","decl":{"start":{"line":25,"column":2},"end":{"line":38,"column":3}},"loc":{"start":{"line":25,"column":2},"end":{"line":38,"column":3}},"line":25},"2":{"name":"shouldInclude","decl":{"start":{"line":40,"column":2},"end":{"line":43,"column":3}},"loc":{"start":{"line":40,"column":2},"end":{"line":43,"column":3}},"line":40},"3":{"name":"extractHeadings","decl":{"start":{"line":48,"column":10},"end":{"line":52,"column":3}},"loc":{"start":{"line":48,"column":10},"end":{"line":52,"column":3}},"line":48},"4":{"name":"detectForms","decl":{"start":{"line":57,"column":10},"end":{"line":67,"column":3}},"loc":{"start":{"line":57,"column":10},"end":{"line":67,"column":3}},"line":57},"5":{"name":"getVisibleText","decl":{"start":{"line":72,"column":10},"end":{"line":113,"column":3}},"loc":{"start":{"line":72,"column":10},"end":{"line":113,"column":3}},"line":72},"6":{"name":"acceptNode","decl":{"start":{"line":77,"column":20},"end":{"line":98,"column":10}},"loc":{"start":{"line":77,"column":20},"end":{"line":98,"column":10}},"line":77},"7":{"name":"extractMetaTags","decl":{"start":{"line":118,"column":10},"end":{"line":130,"column":3}},"loc":{"start":{"line":118,"column":10},"end":{"line":130,"column":3}},"line":118}},"f":{"0":10,"1":8,"2":2,"3":8,"4":8,"5":8,"6":98,"7":8}}
,"/Users/ericfriday/dev/clippyjs/packages/ai/src/context/UserActionContext.ts": {"path":"/Users/ericfriday/dev/clippyjs/packages/ai/src/context/UserActionContext.ts","all":false,"statementMap":{"32":{"start":{"line":33,"column":0},"end":{"line":33,"column":67}},"33":{"start":{"line":34,"column":0},"end":{"line":34,"column":24}},"34":{"start":{"line":35,"column":0},"end":{"line":35,"column":17}},"36":{"start":{"line":37,"column":0},"end":{"line":37,"column":37}},"37":{"start":{"line":38,"column":0},"end":{"line":38,"column":26}},"38":{"start":{"line":39,"column":0},"end":{"line":39,"column":44}},"40":{"start":{"line":41,"column":0},"end":{"line":41,"column":17}},"41":{"start":{"line":42,"column":0},"end":{"line":42,"column":26}},"42":{"start":{"line":43,"column":0},"end":{"line":43,"column":3}},"44":{"start":{"line":45,"column":0},"end":{"line":45,"column":40}},"45":{"start":{"line":46,"column":0},"end":{"line":46,"column":44}},"46":{"start":{"line":47,"column":0},"end":{"line":47,"column":34}},"47":{"start":{"line":48,"column":0},"end":{"line":48,"column":9}},"48":{"start":{"line":49,"column":0},"end":{"line":49,"column":46}},"49":{"start":{"line":50,"column":0},"end":{"line":50,"column":39}},"50":{"start":{"line":51,"column":0},"end":{"line":51,"column":49}},"51":{"start":{"line":52,"column":0},"end":{"line":52,"column":9}},"52":{"start":{"line":53,"column":0},"end":{"line":53,"column":18}},"54":{"start":{"line":55,"column":0},"end":{"line":55,"column":12}},"55":{"start":{"line":56,"column":0},"end":{"line":56,"column":31}},"56":{"start":{"line":57,"column":0},"end":{"line":57,"column":28}},"57":{"start":{"line":58,"column":0},"end":{"line":58,"column":13}},"58":{"start":{"line":59,"column":0},"end":{"line":59,"column":66}},"59":{"start":{"line":60,"column":0},"end":{"line":60,"column":39}},"60":{"start":{"line":61,"column":0},"end":{"line":61,"column":70}},"61":{"start":{"line":62,"column":0},"end":{"line":62,"column":22}},"62":{"start":{"line":63,"column":0},"end":{"line":63,"column":33}},"63":{"start":{"line":64,"column":0},"end":{"line":64,"column":6}},"64":{"start":{"line":65,"column":0},"end":{"line":65,"column":3}},"66":{"start":{"line":67,"column":0},"end":{"line":67,"column":51}},"68":{"start":{"line":69,"column":0},"end":{"line":69,"column":35}},"69":{"start":{"line":70,"column":0},"end":{"line":70,"column":3}},"74":{"start":{"line":75,"column":0},"end":{"line":75,"column":19}},"75":{"start":{"line":76,"column":0},"end":{"line":76,"column":49}},"76":{"start":{"line":77,"column":0},"end":{"line":77,"column":24}},"77":{"start":{"line":78,"column":0},"end":{"line":78,"column":22}},"78":{"start":{"line":79,"column":0},"end":{"line":79,"column":3}},"83":{"start":{"line":84,"column":0},"end":{"line":84,"column":34}},"84":{"start":{"line":85,"column":0},"end":{"line":85,"column":25}},"85":{"start":{"line":86,"column":0},"end":{"line":86,"column":20}},"86":{"start":{"line":87,"column":0},"end":{"line":87,"column":50}},"87":{"start":{"line":88,"column":0},"end":{"line":88,"column":49}},"88":{"start":{"line":89,"column":0},"end":{"line":89,"column":10}},"89":{"start":{"line":90,"column":0},"end":{"line":90,"column":57}},"90":{"start":{"line":91,"column":0},"end":{"line":91,"column":87}},"91":{"start":{"line":92,"column":0},"end":{"line":92,"column":6}},"94":{"start":{"line":95,"column":0},"end":{"line":95,"column":40}},"95":{"start":{"line":96,"column":0},"end":{"line":96,"column":45}},"96":{"start":{"line":97,"column":0},"end":{"line":97,"column":64}},"97":{"start":{"line":98,"column":0},"end":{"line":98,"column":22}},"98":{"start":{"line":99,"column":0},"end":{"line":99,"column":47}},"99":{"start":{"line":100,"column":0},"end":{"line":100,"column":9}},"100":{"start":{"line":101,"column":0},"end":{"line":101,"column":7}},"103":{"start":{"line":104,"column":0},"end":{"line":104,"column":40}},"104":{"start":{"line":105,"column":0},"end":{"line":105,"column":50}},"105":{"start":{"line":106,"column":0},"end":{"line":106,"column":64}},"106":{"start":{"line":107,"column":0},"end":{"line":107,"column":26}},"107":{"start":{"line":108,"column":0},"end":{"line":108,"column":26}},"108":{"start":{"line":109,"column":0},"end":{"line":109,"column":56}},"109":{"start":{"line":110,"column":0},"end":{"line":110,"column":9}},"110":{"start":{"line":111,"column":0},"end":{"line":111,"column":7}},"113":{"start":{"line":114,"column":0},"end":{"line":114,"column":38}},"114":{"start":{"line":115,"column":0},"end":{"line":115,"column":33}},"115":{"start":{"line":116,"column":0},"end":{"line":116,"column":34}},"116":{"start":{"line":117,"column":0},"end":{"line":117,"column":40}},"117":{"start":{"line":118,"column":0},"end":{"line":118,"column":47}},"118":{"start":{"line":119,"column":0},"end":{"line":119,"column":35}},"119":{"start":{"line":120,"column":0},"end":{"line":120,"column":33}},"120":{"start":{"line":121,"column":0},"end":{"line":121,"column":86}},"121":{"start":{"line":122,"column":0},"end":{"line":122,"column":12}},"122":{"start":{"line":123,"column":0},"end":{"line":123,"column":11}},"123":{"start":{"line":124,"column":0},"end":{"line":124,"column":14}},"124":{"start":{"line":125,"column":0},"end":{"line":125,"column":7}},"127":{"start":{"line":128,"column":0},"end":{"line":128,"column":40}},"128":{"start":{"line":129,"column":0},"end":{"line":129,"column":45}},"129":{"start":{"line":130,"column":0},"end":{"line":130,"column":64}},"130":{"start":{"line":131,"column":0},"end":{"line":131,"column":22}},"131":{"start":{"line":132,"column":0},"end":{"line":132,"column":48}},"132":{"start":{"line":133,"column":0},"end":{"line":133,"column":9}},"133":{"start":{"line":134,"column":0},"end":{"line":134,"column":34}},"134":{"start":{"line":135,"column":0},"end":{"line":135,"column":3}},"139":{"start":{"line":140,"column":0},"end":{"line":140,"column":91}},"140":{"start":{"line":141,"column":0},"end":{"line":141,"column":23}},"141":{"start":{"line":142,"column":0},"end":{"line":142,"column":11}},"142":{"start":{"line":143,"column":0},"end":{"line":143,"column":13}},"143":{"start":{"line":144,"column":0},"end":{"line":144,"column":28}},"144":{"start":{"line":145,"column":0},"end":{"line":145,"column":14}},"145":{"start":{"line":146,"column":0},"end":{"line":146,"column":7}},"148":{"start":{"line":149,"column":0},"end":{"line":149,"column":48}},"149":{"start":{"line":150,"column":0},"end":{"line":150,"column":27}},"150":{"start":{"line":151,"column":0},"end":{"line":151,"column":5}},"151":{"start":{"line":152,"column":0},"end":{"line":152,"column":3}},"152":{"start":{"line":153,"column":0},"end":{"line":153,"column":1}}},"s":{"32":1,"33":1,"34":1,"36":1,"37":1,"38":1,"40":1,"41":9,"42":9,"44":1,"45":5,"46":5,"47":5,"48":5,"49":5,"50":5,"51":5,"52":0,"54":5,"55":5,"56":5,"57":5,"58":5,"59":5,"60":5,"61":5,"62":5,"63":5,"64":5,"66":1,"68":2,"69":2,"74":1,"75":11,"76":11,"77":11,"78":11,"83":1,"84":9,"85":36,"86":36,"87":36,"88":36,"89":36,"90":36,"91":36,"94":9,"95":26,"96":26,"97":26,"98":26,"99":26,"100":9,"103":9,"104":1,"105":1,"106":1,"107":1,"108":1,"109":1,"110":9,"113":9,"114":9,"115":0,"116":0,"117":0,"118":0,"119":0,"120":0,"121":0,"122":0,"123":0,"124":9,"127":9,"128":0,"129":0,"130":0,"131":0,"132":0,"133":9,"134":9,"139":1,"140":27,"141":27,"142":27,"143":27,"144":27,"145":27,"148":27,"149":5,"150":5,"151":27,"152":1},"branchMap":{"0":{"type":"branch","line":41,"loc":{"start":{"line":41,"column":2},"end":{"line":43,"column":3}},"locations":[{"start":{"line":41,"column":2},"end":{"line":43,"column":3}}]},"1":{"type":"branch","line":45,"loc":{"start":{"line":45,"column":2},"end":{"line":65,"column":3}},"locations":[{"start":{"line":45,"column":2},"end":{"line":65,"column":3}}]},"2":{"type":"branch","line":52,"loc":{"start":{"line":52,"column":8},"end":{"line":53,"column":18}},"locations":[{"start":{"line":52,"column":8},"end":{"line":53,"column":18}}]},"3":{"type":"branch","line":67,"loc":{"start":{"line":67,"column":2},"end":{"line":70,"column":3}},"locations":[{"start":{"line":67,"column":2},"end":{"line":70,"column":3}}]},"4":{"type":"branch","line":75,"loc":{"start":{"line":75,"column":2},"end":{"line":79,"column":3}},"locations":[{"start":{"line":75,"column":2},"end":{"line":79,"column":3}}]},"5":{"type":"branch","line":76,"loc":{"start":{"line":76,"column":27},"end":{"line":76,"column":47}},"locations":[{"start":{"line":76,"column":27},"end":{"line":76,"column":47}}]},"6":{"type":"branch","line":84,"loc":{"start":{"line":84,"column":10},"end":{"line":135,"column":3}},"locations":[{"start":{"line":84,"column":10},"end":{"line":135,"column":3}}]},"7":{"type":"branch","line":85,"loc":{"start":{"line":85,"column":24},"end":{"line":92,"column":6}},"locations":[{"start":{"line":85,"column":24},"end":{"line":92,"column":6}}]},"8":{"type":"branch","line":91,"loc":{"start":{"line":91,"column":26},"end":{"line":91,"column":85}},"locations":[{"start":{"line":91,"column":26},"end":{"line":91,"column":85}}]},"9":{"type":"branch","line":95,"loc":{"start":{"line":95,"column":25},"end":{"line":101,"column":5}},"locations":[{"start":{"line":95,"column":25},"end":{"line":101,"column":5}}]},"10":{"type":"branch","line":104,"loc":{"start":{"line":104,"column":25},"end":{"line":111,"column":5}},"locations":[{"start":{"line":104,"column":25},"end":{"line":111,"column":5}}]},"11":{"type":"branch","line":109,"loc":{"start":{"line":109,"column":30},"end":{"line":109,"column":56}},"locations":[{"start":{"line":109,"column":30},"end":{"line":109,"column":56}}]},"12":{"type":"branch","line":140,"loc":{"start":{"line":140,"column":10},"end":{"line":152,"column":3}},"locations":[{"start":{"line":140,"column":10},"end":{"line":152,"column":3}}]},"13":{"type":"branch","line":149,"loc":{"start":{"line":149,"column":47},"end":{"line":151,"column":5}},"locations":[{"start":{"line":149,"column":47},"end":{"line":151,"column":5}}]}},"b":{"0":[9],"1":[5],"2":[0],"3":[2],"4":[11],"5":[36],"6":[9],"7":[36],"8":[36],"9":[26],"10":[1],"11":[0],"12":[27],"13":[5]},"fnMap":{"0":{"name":"UserActionContextProvider","decl":{"start":{"line":41,"column":2},"end":{"line":43,"column":3}},"loc":{"start":{"line":41,"column":2},"end":{"line":43,"column":3}},"line":41},"1":{"name":"gather","decl":{"start":{"line":45,"column":2},"end":{"line":65,"column":3}},"loc":{"start":{"line":45,"column":2},"end":{"line":65,"column":3}},"line":45},"2":{"name":"shouldInclude","decl":{"start":{"line":67,"column":2},"end":{"line":70,"column":3}},"loc":{"start":{"line":67,"column":2},"end":{"line":70,"column":3}},"line":67},"3":{"name":"destroy","decl":{"start":{"line":75,"column":2},"end":{"line":79,"column":3}},"loc":{"start":{"line":75,"column":2},"end":{"line":79,"column":3}},"line":75},"4":{"name":"setupListeners","decl":{"start":{"line":84,"column":10},"end":{"line":135,"column":3}},"loc":{"start":{"line":84,"column":10},"end":{"line":135,"column":3}},"line":84},"5":{"name":"addListener","decl":{"start":{"line":85,"column":24},"end":{"line":92,"column":6}},"loc":{"start":{"line":85,"column":24},"end":{"line":92,"column":6}},"line":85},"6":{"name":"recordAction","decl":{"start":{"line":140,"column":10},"end":{"line":152,"column":3}},"loc":{"start":{"line":140,"column":10},"end":{"line":152,"column":3}},"line":140}},"f":{"0":9,"1":5,"2":2,"3":11,"4":9,"5":36,"6":27}}
,"/Users/ericfriday/dev/clippyjs/packages/ai/src/conversation/ConversationManager.ts": {"path":"/Users/ericfriday/dev/clippyjs/packages/ai/src/conversation/ConversationManager.ts","all":true,"statementMap":{"14":{"start":{"line":15,"column":0},"end":{"line":15,"column":34}},"15":{"start":{"line":16,"column":0},"end":{"line":16,"column":46}},"16":{"start":{"line":17,"column":0},"end":{"line":17,"column":32}},"17":{"start":{"line":18,"column":0},"end":{"line":18,"column":40}},"19":{"start":{"line":20,"column":0},"end":{"line":20,"column":14}},"20":{"start":{"line":21,"column":0},"end":{"line":21,"column":33}},"21":{"start":{"line":22,"column":0},"end":{"line":22,"column":39}},"22":{"start":{"line":23,"column":0},"end":{"line":23,"column":6}},"27":{"start":{"line":28,"column":0},"end":{"line":28,"column":36}},"28":{"start":{"line":29,"column":0},"end":{"line":29,"column":26}},"29":{"start":{"line":30,"column":0},"end":{"line":30,"column":3}},"38":{"start":{"line":39,"column":0},"end":{"line":39,"column":21}},"39":{"start":{"line":40,"column":0},"end":{"line":40,"column":24}},"40":{"start":{"line":41,"column":0},"end":{"line":41,"column":27}},"41":{"start":{"line":42,"column":0},"end":{"line":42,"column":24}},"42":{"start":{"line":43,"column":0},"end":{"line":43,"column":41}},"44":{"start":{"line":45,"column":0},"end":{"line":45,"column":42}},"45":{"start":{"line":46,"column":0},"end":{"line":46,"column":28}},"46":{"start":{"line":47,"column":0},"end":{"line":47,"column":19}},"47":{"start":{"line":48,"column":0},"end":{"line":48,"column":62}},"48":{"start":{"line":49,"column":0},"end":{"line":49,"column":28}},"49":{"start":{"line":50,"column":0},"end":{"line":50,"column":14}},"50":{"start":{"line":51,"column":0},"end":{"line":51,"column":6}},"52":{"start":{"line":53,"column":0},"end":{"line":53,"column":31}},"55":{"start":{"line":56,"column":0},"end":{"line":56,"column":58}},"56":{"start":{"line":57,"column":0},"end":{"line":57,"column":19}},"57":{"start":{"line":58,"column":0},"end":{"line":58,"column":25}},"58":{"start":{"line":59,"column":0},"end":{"line":59,"column":8}},"61":{"start":{"line":62,"column":0},"end":{"line":62,"column":66}},"64":{"start":{"line":65,"column":0},"end":{"line":65,"column":30}},"65":{"start":{"line":66,"column":0},"end":{"line":66,"column":47}},"66":{"start":{"line":67,"column":0},"end":{"line":67,"column":28}},"67":{"start":{"line":68,"column":0},"end":{"line":68,"column":24}},"68":{"start":{"line":69,"column":0},"end":{"line":69,"column":18}},"69":{"start":{"line":70,"column":0},"end":{"line":70,"column":28}},"70":{"start":{"line":71,"column":0},"end":{"line":71,"column":6}},"72":{"start":{"line":73,"column":0},"end":{"line":73,"column":9}},"73":{"start":{"line":74,"column":0},"end":{"line":74,"column":41}},"74":{"start":{"line":75,"column":0},"end":{"line":75,"column":60}},"75":{"start":{"line":76,"column":0},"end":{"line":76,"column":42}},"76":{"start":{"line":77,"column":0},"end":{"line":77,"column":50}},"77":{"start":{"line":78,"column":0},"end":{"line":78,"column":9}},"78":{"start":{"line":79,"column":0},"end":{"line":79,"column":20}},"79":{"start":{"line":80,"column":0},"end":{"line":80,"column":7}},"82":{"start":{"line":83,"column":0},"end":{"line":83,"column":38}},"83":{"start":{"line":84,"column":0},"end":{"line":84,"column":25}},"86":{"start":{"line":87,"column":0},"end":{"line":87,"column":30}},"87":{"start":{"line":88,"column":0},"end":{"line":88,"column":56}},"88":{"start":{"line":89,"column":0},"end":{"line":89,"column":7}},"89":{"start":{"line":90,"column":0},"end":{"line":90,"column":21}},"90":{"start":{"line":91,"column":0},"end":{"line":91,"column":50}},"91":{"start":{"line":92,"column":0},"end":{"line":92,"column":18}},"92":{"start":{"line":93,"column":0},"end":{"line":93,"column":5}},"93":{"start":{"line":94,"column":0},"end":{"line":94,"column":3}},"98":{"start":{"line":99,"column":0},"end":{"line":99,"column":84}},"99":{"start":{"line":100,"column":0},"end":{"line":100,"column":31}},"100":{"start":{"line":101,"column":0},"end":{"line":101,"column":25}},"101":{"start":{"line":102,"column":0},"end":{"line":102,"column":5}},"104":{"start":{"line":105,"column":0},"end":{"line":105,"column":30}},"105":{"start":{"line":106,"column":0},"end":{"line":106,"column":42}},"106":{"start":{"line":107,"column":0},"end":{"line":107,"column":19}},"107":{"start":{"line":108,"column":0},"end":{"line":108,"column":56}},"108":{"start":{"line":109,"column":0},"end":{"line":109,"column":59}},"109":{"start":{"line":110,"column":0},"end":{"line":110,"column":8}},"110":{"start":{"line":111,"column":0},"end":{"line":111,"column":20}},"112":{"start":{"line":113,"column":0},"end":{"line":113,"column":70}},"113":{"start":{"line":114,"column":0},"end":{"line":114,"column":3}},"118":{"start":{"line":119,"column":0},"end":{"line":119,"column":31}},"119":{"start":{"line":120,"column":0},"end":{"line":120,"column":54}},"121":{"start":{"line":122,"column":0},"end":{"line":122,"column":64}},"122":{"start":{"line":123,"column":0},"end":{"line":123,"column":5}},"123":{"start":{"line":124,"column":0},"end":{"line":124,"column":3}},"128":{"start":{"line":129,"column":0},"end":{"line":129,"column":37}},"129":{"start":{"line":130,"column":0},"end":{"line":130,"column":12}},"130":{"start":{"line":131,"column":0},"end":{"line":131,"column":29}},"131":{"start":{"line":132,"column":0},"end":{"line":132,"column":32}},"132":{"start":{"line":133,"column":0},"end":{"line":133,"column":58}},"133":{"start":{"line":134,"column":0},"end":{"line":134,"column":86}},"134":{"start":{"line":135,"column":0},"end":{"line":135,"column":6}},"135":{"start":{"line":136,"column":0},"end":{"line":136,"column":3}},"140":{"start":{"line":141,"column":0},"end":{"line":141,"column":24}},"141":{"start":{"line":142,"column":0},"end":{"line":142,"column":22}},"142":{"start":{"line":143,"column":0},"end":{"line":143,"column":3}},"147":{"start":{"line":148,"column":0},"end":{"line":148,"column":66}},"148":{"start":{"line":149,"column":0},"end":{"line":149,"column":36}},"149":{"start":{"line":150,"column":0},"end":{"line":150,"column":39}},"150":{"start":{"line":151,"column":0},"end":{"line":151,"column":3}},"155":{"start":{"line":156,"column":0},"end":{"line":156,"column":29}},"156":{"start":{"line":157,"column":0},"end":{"line":157,"column":31}},"157":{"start":{"line":158,"column":0},"end":{"line":158,"column":3}},"162":{"start":{"line":163,"column":0},"end":{"line":163,"column":48}},"163":{"start":{"line":164,"column":0},"end":{"line":164,"column":82}},"164":{"start":{"line":165,"column":0},"end":{"line":165,"column":3}},"169":{"start":{"line":170,"column":0},"end":{"line":170,"column":32}},"170":{"start":{"line":171,"column":0},"end":{"line":171,"column":74}},"171":{"start":{"line":172,"column":0},"end":{"line":172,"column":3}},"172":{"start":{"line":173,"column":0},"end":{"line":173,"column":1}}},"s":{"14":0,"15":0,"16":0,"17":0,"19":0,"20":0,"21":0,"22":0,"27":0,"28":0,"29":0,"38":0,"39":0,"40":0,"41":0,"42":0,"44":0,"45":0,"46":0,"47":0,"48":0,"49":0,"50":0,"52":0,"55":0,"56":0,"57":0,"58":0,"61":0,"64":0,"65":0,"66":0,"67":0,"68":0,"69":0,"70":0,"72":0,"73":0,"74":0,"75":0,"76":0,"77":0,"78":0,"79":0,"82":0,"83":0,"86":0,"87":0,"88":0,"89":0,"90":0,"91":0,"92":0,"93":0,"98":0,"99":0,"100":0,"101":0,"104":0,"105":0,"106":0,"107":0,"108":0,"109":0,"110":0,"112":0,"113":0,"118":0,"119":0,"121":0,"122":0,"123":0,"128":0,"129":0,"130":0,"131":0,"132":0,"133":0,"134":0,"135":0,"140":0,"141":0,"142":0,"147":0,"148":0,"149":0,"150":0,"155":0,"156":0,"157":0,"162":0,"163":0,"164":0,"169":0,"170":0,"171":0,"172":0},"branchMap":{"0":{"type":"branch","line":1,"loc":{"start":{"line":1,"column":4440},"end":{"line":173,"column":1}},"locations":[{"start":{"line":1,"column":4440},"end":{"line":173,"column":1}}]}},"b":{"0":[1]},"fnMap":{"0":{"name":"(empty-report)","decl":{"start":{"line":1,"column":4440},"end":{"line":173,"column":1}},"loc":{"start":{"line":1,"column":4440},"end":{"line":173,"column":1}},"line":1}},"f":{"0":1}}
,"/Users/ericfriday/dev/clippyjs/packages/ai/src/conversation/HistoryStore.ts": {"path":"/Users/ericfriday/dev/clippyjs/packages/ai/src/conversation/HistoryStore.ts","all":false,"statementMap":{"57":{"start":{"line":58,"column":0},"end":{"line":58,"column":63}},"58":{"start":{"line":59,"column":0},"end":{"line":59,"column":39}},"60":{"start":{"line":61,"column":0},"end":{"line":61,"column":59}},"61":{"start":{"line":62,"column":0},"end":{"line":62,"column":47}},"62":{"start":{"line":63,"column":0},"end":{"line":63,"column":9}},"63":{"start":{"line":64,"column":0},"end":{"line":64,"column":57}},"64":{"start":{"line":65,"column":0},"end":{"line":65,"column":21}},"65":{"start":{"line":66,"column":0},"end":{"line":66,"column":67}},"67":{"start":{"line":68,"column":0},"end":{"line":68,"column":5}},"68":{"start":{"line":69,"column":0},"end":{"line":69,"column":3}},"70":{"start":{"line":71,"column":0},"end":{"line":71,"column":70}},"71":{"start":{"line":72,"column":0},"end":{"line":72,"column":39}},"72":{"start":{"line":73,"column":0},"end":{"line":73,"column":9}},"73":{"start":{"line":74,"column":0},"end":{"line":74,"column":45}},"74":{"start":{"line":75,"column":0},"end":{"line":75,"column":29}},"76":{"start":{"line":77,"column":0},"end":{"line":77,"column":62}},"79":{"start":{"line":80,"column":0},"end":{"line":80,"column":54}},"80":{"start":{"line":81,"column":0},"end":{"line":81,"column":66}},"81":{"start":{"line":82,"column":0},"end":{"line":82,"column":41}},"82":{"start":{"line":83,"column":0},"end":{"line":83,"column":48}},"83":{"start":{"line":84,"column":0},"end":{"line":84,"column":26}},"84":{"start":{"line":85,"column":0},"end":{"line":85,"column":40}},"85":{"start":{"line":86,"column":0},"end":{"line":86,"column":52}},"86":{"start":{"line":87,"column":0},"end":{"line":87,"column":13}},"87":{"start":{"line":88,"column":0},"end":{"line":88,"column":9}},"88":{"start":{"line":89,"column":0},"end":{"line":89,"column":9}},"90":{"start":{"line":91,"column":0},"end":{"line":91,"column":21}},"91":{"start":{"line":92,"column":0},"end":{"line":92,"column":21}},"92":{"start":{"line":93,"column":0},"end":{"line":93,"column":67}},"93":{"start":{"line":94,"column":0},"end":{"line":94,"column":18}},"94":{"start":{"line":95,"column":0},"end":{"line":95,"column":5}},"95":{"start":{"line":96,"column":0},"end":{"line":96,"column":3}},"97":{"start":{"line":98,"column":0},"end":{"line":98,"column":49}},"98":{"start":{"line":99,"column":0},"end":{"line":99,"column":39}},"99":{"start":{"line":100,"column":0},"end":{"line":100,"column":33}},"100":{"start":{"line":101,"column":0},"end":{"line":101,"column":3}},"102":{"start":{"line":103,"column":0},"end":{"line":103,"column":35}},"103":{"start":{"line":104,"column":0},"end":{"line":104,"column":30}},"104":{"start":{"line":105,"column":0},"end":{"line":105,"column":51}},"105":{"start":{"line":106,"column":0},"end":{"line":106,"column":38}},"106":{"start":{"line":107,"column":0},"end":{"line":107,"column":47}},"107":{"start":{"line":108,"column":0},"end":{"line":108,"column":23}},"108":{"start":{"line":109,"column":0},"end":{"line":109,"column":7}},"109":{"start":{"line":110,"column":0},"end":{"line":110,"column":5}},"110":{"start":{"line":111,"column":0},"end":{"line":111,"column":56}},"111":{"start":{"line":112,"column":0},"end":{"line":112,"column":3}},"113":{"start":{"line":114,"column":0},"end":{"line":114,"column":45}},"114":{"start":{"line":115,"column":0},"end":{"line":115,"column":41}},"115":{"start":{"line":116,"column":0},"end":{"line":116,"column":3}},"116":{"start":{"line":117,"column":0},"end":{"line":117,"column":1}},"125":{"start":{"line":126,"column":0},"end":{"line":126,"column":65}},"126":{"start":{"line":127,"column":0},"end":{"line":127,"column":39}},"128":{"start":{"line":129,"column":0},"end":{"line":129,"column":59}},"129":{"start":{"line":130,"column":0},"end":{"line":130,"column":47}},"130":{"start":{"line":131,"column":0},"end":{"line":131,"column":9}},"131":{"start":{"line":132,"column":0},"end":{"line":132,"column":59}},"132":{"start":{"line":133,"column":0},"end":{"line":133,"column":21}},"133":{"start":{"line":134,"column":0},"end":{"line":134,"column":67}},"134":{"start":{"line":135,"column":0},"end":{"line":135,"column":5}},"135":{"start":{"line":136,"column":0},"end":{"line":136,"column":3}},"137":{"start":{"line":138,"column":0},"end":{"line":138,"column":70}},"138":{"start":{"line":139,"column":0},"end":{"line":139,"column":39}},"139":{"start":{"line":140,"column":0},"end":{"line":140,"column":9}},"140":{"start":{"line":141,"column":0},"end":{"line":141,"column":47}},"141":{"start":{"line":142,"column":0},"end":{"line":142,"column":29}},"143":{"start":{"line":144,"column":0},"end":{"line":144,"column":62}},"146":{"start":{"line":147,"column":0},"end":{"line":147,"column":54}},"147":{"start":{"line":148,"column":0},"end":{"line":148,"column":66}},"148":{"start":{"line":149,"column":0},"end":{"line":149,"column":41}},"149":{"start":{"line":150,"column":0},"end":{"line":150,"column":48}},"150":{"start":{"line":151,"column":0},"end":{"line":151,"column":26}},"151":{"start":{"line":152,"column":0},"end":{"line":152,"column":40}},"152":{"start":{"line":153,"column":0},"end":{"line":153,"column":52}},"153":{"start":{"line":154,"column":0},"end":{"line":154,"column":13}},"154":{"start":{"line":155,"column":0},"end":{"line":155,"column":9}},"155":{"start":{"line":156,"column":0},"end":{"line":156,"column":9}},"157":{"start":{"line":158,"column":0},"end":{"line":158,"column":21}},"158":{"start":{"line":159,"column":0},"end":{"line":159,"column":21}},"159":{"start":{"line":160,"column":0},"end":{"line":160,"column":67}},"160":{"start":{"line":161,"column":0},"end":{"line":161,"column":18}},"161":{"start":{"line":162,"column":0},"end":{"line":162,"column":5}},"162":{"start":{"line":163,"column":0},"end":{"line":163,"column":3}},"164":{"start":{"line":165,"column":0},"end":{"line":165,"column":49}},"165":{"start":{"line":166,"column":0},"end":{"line":166,"column":39}},"166":{"start":{"line":167,"column":0},"end":{"line":167,"column":35}},"167":{"start":{"line":168,"column":0},"end":{"line":168,"column":3}},"169":{"start":{"line":170,"column":0},"end":{"line":170,"column":35}},"170":{"start":{"line":171,"column":0},"end":{"line":171,"column":45}},"171":{"start":{"line":172,"column":0},"end":{"line":172,"column":27}},"172":{"start":{"line":173,"column":0},"end":{"line":173,"column":40}},"173":{"start":{"line":174,"column":0},"end":{"line":174,"column":39}},"174":{"start":{"line":175,"column":0},"end":{"line":175,"column":7}},"175":{"start":{"line":176,"column":0},"end":{"line":176,"column":7}},"176":{"start":{"line":177,"column":0},"end":{"line":177,"column":3}},"178":{"start":{"line":179,"column":0},"end":{"line":179,"column":45}},"179":{"start":{"line":180,"column":0},"end":{"line":180,"column":41}},"180":{"start":{"line":181,"column":0},"end":{"line":181,"column":3}},"181":{"start":{"line":182,"column":0},"end":{"line":182,"column":1}}},"s":{"57":1,"58":6,"60":1,"61":6,"62":6,"63":6,"64":6,"65":0,"67":0,"68":6,"70":1,"71":6,"72":6,"73":6,"74":6,"76":2,"79":2,"80":2,"81":2,"82":4,"83":4,"84":0,"85":0,"86":0,"87":0,"88":2,"90":2,"91":6,"92":0,"93":0,"94":0,"95":6,"97":1,"98":1,"99":1,"100":1,"102":1,"103":1,"104":1,"105":2,"106":2,"107":2,"108":2,"109":2,"110":1,"111":1,"113":1,"114":13,"115":13,"116":1,"125":1,"126":3,"128":1,"129":3,"130":3,"131":3,"132":3,"133":0,"134":0,"135":3,"137":1,"138":2,"139":2,"140":2,"141":2,"143":1,"146":1,"147":1,"148":1,"149":1,"150":1,"151":0,"152":0,"153":0,"154":0,"155":1,"157":1,"158":2,"159":0,"160":0,"161":0,"162":2,"164":1,"165":1,"166":1,"167":1,"169":1,"170":0,"171":0,"172":0,"173":0,"174":0,"175":0,"176":0,"178":1,"179":6,"180":6,"181":1},"branchMap":{"0":{"type":"branch","line":58,"loc":{"start":{"line":58,"column":7},"end":{"line":59,"column":39}},"locations":[{"start":{"line":58,"column":7},"end":{"line":59,"column":39}}]},"1":{"type":"branch","line":61,"loc":{"start":{"line":61,"column":2},"end":{"line":69,"column":3}},"locations":[{"start":{"line":61,"column":2},"end":{"line":69,"column":3}}]},"2":{"type":"branch","line":65,"loc":{"start":{"line":65,"column":4},"end":{"line":68,"column":5}},"locations":[{"start":{"line":65,"column":4},"end":{"line":68,"column":5}}]},"3":{"type":"branch","line":71,"loc":{"start":{"line":71,"column":2},"end":{"line":96,"column":3}},"locations":[{"start":{"line":71,"column":2},"end":{"line":96,"column":3}}]},"4":{"type":"branch","line":75,"loc":{"start":{"line":75,"column":17},"end":{"line":75,"column":29}},"locations":[{"start":{"line":75,"column":17},"end":{"line":75,"column":29}}]},"5":{"type":"branch","line":75,"loc":{"start":{"line":75,"column":24},"end":{"line":92,"column":13}},"locations":[{"start":{"line":75,"column":24},"end":{"line":92,"column":13}}]},"6":{"type":"branch","line":92,"loc":{"start":{"line":92,"column":4},"end":{"line":95,"column":5}},"locations":[{"start":{"line":92,"column":4},"end":{"line":95,"column":5}}]},"7":{"type":"branch","line":82,"loc":{"start":{"line":82,"column":31},"end":{"line":89,"column":7}},"locations":[{"start":{"line":82,"column":31},"end":{"line":89,"column":7}}]},"8":{"type":"branch","line":84,"loc":{"start":{"line":84,"column":25},"end":{"line":88,"column":9}},"locations":[{"start":{"line":84,"column":25},"end":{"line":88,"column":9}}]},"9":{"type":"branch","line":98,"loc":{"start":{"line":98,"column":2},"end":{"line":101,"column":3}},"locations":[{"start":{"line":98,"column":2},"end":{"line":101,"column":3}}]},"10":{"type":"branch","line":103,"loc":{"start":{"line":103,"column":2},"end":{"line":112,"column":3}},"locations":[{"start":{"line":103,"column":2},"end":{"line":112,"column":3}}]},"11":{"type":"branch","line":105,"loc":{"start":{"line":105,"column":50},"end":{"line":110,"column":5}},"locations":[{"start":{"line":105,"column":50},"end":{"line":110,"column":5}}]},"12":{"type":"branch","line":111,"loc":{"start":{"line":111,"column":17},"end":{"line":111,"column":54}},"locations":[{"start":{"line":111,"column":17},"end":{"line":111,"column":54}}]},"13":{"type":"branch","line":114,"loc":{"start":{"line":114,"column":10},"end":{"line":116,"column":3}},"locations":[{"start":{"line":114,"column":10},"end":{"line":116,"column":3}}]},"14":{"type":"branch","line":126,"loc":{"start":{"line":126,"column":7},"end":{"line":127,"column":39}},"locations":[{"start":{"line":126,"column":7},"end":{"line":127,"column":39}}]},"15":{"type":"branch","line":129,"loc":{"start":{"line":129,"column":2},"end":{"line":136,"column":3}},"locations":[{"start":{"line":129,"column":2},"end":{"line":136,"column":3}}]},"16":{"type":"branch","line":133,"loc":{"start":{"line":133,"column":4},"end":{"line":135,"column":5}},"locations":[{"start":{"line":133,"column":4},"end":{"line":135,"column":5}}]},"17":{"type":"branch","line":138,"loc":{"start":{"line":138,"column":2},"end":{"line":163,"column":3}},"locations":[{"start":{"line":138,"column":2},"end":{"line":163,"column":3}}]},"18":{"type":"branch","line":142,"loc":{"start":{"line":142,"column":17},"end":{"line":159,"column":13}},"locations":[{"start":{"line":142,"column":17},"end":{"line":159,"column":13}}]},"19":{"type":"branch","line":159,"loc":{"start":{"line":159,"column":4},"end":{"line":162,"column":5}},"locations":[{"start":{"line":159,"column":4},"end":{"line":162,"column":5}}]},"20":{"type":"branch","line":149,"loc":{"start":{"line":149,"column":31},"end":{"line":156,"column":7}},"locations":[{"start":{"line":149,"column":31},"end":{"line":156,"column":7}}]},"21":{"type":"branch","line":151,"loc":{"start":{"line":151,"column":25},"end":{"line":155,"column":9}},"locations":[{"start":{"line":151,"column":25},"end":{"line":155,"column":9}}]},"22":{"type":"branch","line":165,"loc":{"start":{"line":165,"column":2},"end":{"line":168,"column":3}},"locations":[{"start":{"line":165,"column":2},"end":{"line":168,"column":3}}]},"23":{"type":"branch","line":179,"loc":{"start":{"line":179,"column":10},"end":{"line":181,"column":3}},"locations":[{"start":{"line":179,"column":10},"end":{"line":181,"column":3}}]}},"b":{"0":[6],"1":[6],"2":[0],"3":[6],"4":[4],"5":[2],"6":[0],"7":[4],"8":[0],"9":[1],"10":[1],"11":[2],"12":[2],"13":[13],"14":[3],"15":[3],"16":[0],"17":[2],"18":[1],"19":[0],"20":[1],"21":[0],"22":[1],"23":[6]},"fnMap":{"0":{"name":"LocalStorageHistoryStore","decl":{"start":{"line":58,"column":7},"end":{"line":59,"column":39}},"loc":{"start":{"line":58,"column":7},"end":{"line":59,"column":39}},"line":58},"1":{"name":"save","decl":{"start":{"line":61,"column":2},"end":{"line":69,"column":3}},"loc":{"start":{"line":61,"column":2},"end":{"line":69,"column":3}},"line":61},"2":{"name":"load","decl":{"start":{"line":71,"column":2},"end":{"line":96,"column":3}},"loc":{"start":{"line":71,"column":2},"end":{"line":96,"column":3}},"line":71},"3":{"name":"clear","decl":{"start":{"line":98,"column":2},"end":{"line":101,"column":3}},"loc":{"start":{"line":98,"column":2},"end":{"line":101,"column":3}},"line":98},"4":{"name":"clearAll","decl":{"start":{"line":103,"column":2},"end":{"line":112,"column":3}},"loc":{"start":{"line":103,"column":2},"end":{"line":112,"column":3}},"line":103},"5":{"name":"getKey","decl":{"start":{"line":114,"column":10},"end":{"line":116,"column":3}},"loc":{"start":{"line":114,"column":10},"end":{"line":116,"column":3}},"line":114},"6":{"name":"SessionStorageHistoryStore","decl":{"start":{"line":126,"column":7},"end":{"line":127,"column":39}},"loc":{"start":{"line":126,"column":7},"end":{"line":127,"column":39}},"line":126},"7":{"name":"save","decl":{"start":{"line":129,"column":2},"end":{"line":136,"column":3}},"loc":{"start":{"line":129,"column":2},"end":{"line":136,"column":3}},"line":129},"8":{"name":"load","decl":{"start":{"line":138,"column":2},"end":{"line":163,"column":3}},"loc":{"start":{"line":138,"column":2},"end":{"line":163,"column":3}},"line":138},"9":{"name":"clear","decl":{"start":{"line":165,"column":2},"end":{"line":168,"column":3}},"loc":{"start":{"line":165,"column":2},"end":{"line":168,"column":3}},"line":165},"10":{"name":"clearAll","decl":{"start":{"line":170,"column":2},"end":{"line":177,"column":3}},"loc":{"start":{"line":170,"column":2},"end":{"line":177,"column":3}},"line":170},"11":{"name":"getKey","decl":{"start":{"line":179,"column":10},"end":{"line":181,"column":3}},"loc":{"start":{"line":179,"column":10},"end":{"line":181,"column":3}},"line":179}},"f":{"0":6,"1":6,"2":6,"3":1,"4":1,"5":13,"6":3,"7":3,"8":2,"9":1,"10":0,"11":6}}
,"/Users/ericfriday/dev/clippyjs/packages/ai/src/personality/PersonalityProfiles.ts": {"path":"/Users/ericfriday/dev/clippyjs/packages/ai/src/personality/PersonalityProfiles.ts","all":false,"statementMap":{"25":{"start":{"line":26,"column":0},"end":{"line":26,"column":100}},"26":{"start":{"line":27,"column":0},"end":{"line":27,"column":11}},"27":{"start":{"line":28,"column":0},"end":{"line":28,"column":14}},"28":{"start":{"line":29,"column":0},"end":{"line":29,"column":150}},"41":{"start":{"line":42,"column":0},"end":{"line":42,"column":72}},"42":{"start":{"line":43,"column":0},"end":{"line":43,"column":15}},"43":{"start":{"line":44,"column":0},"end":{"line":44,"column":38}},"44":{"start":{"line":45,"column":0},"end":{"line":45,"column":48}},"45":{"start":{"line":46,"column":0},"end":{"line":46,"column":42}},"46":{"start":{"line":47,"column":0},"end":{"line":47,"column":7}},"47":{"start":{"line":48,"column":0},"end":{"line":48,"column":6}},"48":{"start":{"line":49,"column":0},"end":{"line":49,"column":15}},"49":{"start":{"line":50,"column":0},"end":{"line":50,"column":153}},"62":{"start":{"line":63,"column":0},"end":{"line":63,"column":83}},"63":{"start":{"line":64,"column":0},"end":{"line":64,"column":15}},"64":{"start":{"line":65,"column":0},"end":{"line":65,"column":49}},"65":{"start":{"line":66,"column":0},"end":{"line":66,"column":39}},"66":{"start":{"line":67,"column":0},"end":{"line":67,"column":57}},"67":{"start":{"line":68,"column":0},"end":{"line":68,"column":7}},"68":{"start":{"line":69,"column":0},"end":{"line":69,"column":5}},"69":{"start":{"line":70,"column":0},"end":{"line":70,"column":4}},"71":{"start":{"line":72,"column":0},"end":{"line":72,"column":11}},"72":{"start":{"line":73,"column":0},"end":{"line":73,"column":14}},"73":{"start":{"line":74,"column":0},"end":{"line":74,"column":143}},"85":{"start":{"line":86,"column":0},"end":{"line":86,"column":66}},"86":{"start":{"line":87,"column":0},"end":{"line":87,"column":6}},"87":{"start":{"line":88,"column":0},"end":{"line":88,"column":15}},"88":{"start":{"line":89,"column":0},"end":{"line":89,"column":123}},"100":{"start":{"line":101,"column":0},"end":{"line":101,"column":75}},"101":{"start":{"line":102,"column":0},"end":{"line":102,"column":5}},"102":{"start":{"line":103,"column":0},"end":{"line":103,"column":4}},"104":{"start":{"line":105,"column":0},"end":{"line":105,"column":10}},"105":{"start":{"line":106,"column":0},"end":{"line":106,"column":14}},"106":{"start":{"line":107,"column":0},"end":{"line":107,"column":134}},"118":{"start":{"line":119,"column":0},"end":{"line":119,"column":76}},"119":{"start":{"line":120,"column":0},"end":{"line":120,"column":6}},"120":{"start":{"line":121,"column":0},"end":{"line":121,"column":15}},"121":{"start":{"line":122,"column":0},"end":{"line":122,"column":135}},"132":{"start":{"line":133,"column":0},"end":{"line":133,"column":79}},"133":{"start":{"line":134,"column":0},"end":{"line":134,"column":5}},"134":{"start":{"line":135,"column":0},"end":{"line":135,"column":4}},"136":{"start":{"line":137,"column":0},"end":{"line":137,"column":7}},"137":{"start":{"line":138,"column":0},"end":{"line":138,"column":14}},"138":{"start":{"line":139,"column":0},"end":{"line":139,"column":124}},"150":{"start":{"line":151,"column":0},"end":{"line":151,"column":77}},"151":{"start":{"line":152,"column":0},"end":{"line":152,"column":6}},"152":{"start":{"line":153,"column":0},"end":{"line":153,"column":15}},"153":{"start":{"line":154,"column":0},"end":{"line":154,"column":122}},"164":{"start":{"line":165,"column":0},"end":{"line":165,"column":88}},"165":{"start":{"line":166,"column":0},"end":{"line":166,"column":5}},"166":{"start":{"line":167,"column":0},"end":{"line":167,"column":4}},"168":{"start":{"line":169,"column":0},"end":{"line":169,"column":10}},"169":{"start":{"line":170,"column":0},"end":{"line":170,"column":14}},"170":{"start":{"line":171,"column":0},"end":{"line":171,"column":124}},"182":{"start":{"line":183,"column":0},"end":{"line":183,"column":78}},"183":{"start":{"line":184,"column":0},"end":{"line":184,"column":6}},"184":{"start":{"line":185,"column":0},"end":{"line":185,"column":15}},"185":{"start":{"line":186,"column":0},"end":{"line":186,"column":120}},"196":{"start":{"line":197,"column":0},"end":{"line":197,"column":76}},"197":{"start":{"line":198,"column":0},"end":{"line":198,"column":5}},"198":{"start":{"line":199,"column":0},"end":{"line":199,"column":4}},"200":{"start":{"line":201,"column":0},"end":{"line":201,"column":11}},"201":{"start":{"line":202,"column":0},"end":{"line":202,"column":14}},"202":{"start":{"line":203,"column":0},"end":{"line":203,"column":104}},"214":{"start":{"line":215,"column":0},"end":{"line":215,"column":86}},"215":{"start":{"line":216,"column":0},"end":{"line":216,"column":6}},"216":{"start":{"line":217,"column":0},"end":{"line":217,"column":15}},"217":{"start":{"line":218,"column":0},"end":{"line":218,"column":122}},"228":{"start":{"line":229,"column":0},"end":{"line":229,"column":83}},"229":{"start":{"line":230,"column":0},"end":{"line":230,"column":5}},"230":{"start":{"line":231,"column":0},"end":{"line":231,"column":4}},"232":{"start":{"line":233,"column":0},"end":{"line":233,"column":10}},"233":{"start":{"line":234,"column":0},"end":{"line":234,"column":14}},"234":{"start":{"line":235,"column":0},"end":{"line":235,"column":127}},"246":{"start":{"line":247,"column":0},"end":{"line":247,"column":69}},"247":{"start":{"line":248,"column":0},"end":{"line":248,"column":6}},"248":{"start":{"line":249,"column":0},"end":{"line":249,"column":15}},"249":{"start":{"line":250,"column":0},"end":{"line":250,"column":127}},"260":{"start":{"line":261,"column":0},"end":{"line":261,"column":85}},"261":{"start":{"line":262,"column":0},"end":{"line":262,"column":5}},"262":{"start":{"line":263,"column":0},"end":{"line":263,"column":4}},"264":{"start":{"line":265,"column":0},"end":{"line":265,"column":10}},"265":{"start":{"line":266,"column":0},"end":{"line":266,"column":14}},"266":{"start":{"line":267,"column":0},"end":{"line":267,"column":145}},"278":{"start":{"line":279,"column":0},"end":{"line":279,"column":73}},"279":{"start":{"line":280,"column":0},"end":{"line":280,"column":6}},"280":{"start":{"line":281,"column":0},"end":{"line":281,"column":15}},"281":{"start":{"line":282,"column":0},"end":{"line":282,"column":129}},"292":{"start":{"line":293,"column":0},"end":{"line":293,"column":84}},"293":{"start":{"line":294,"column":0},"end":{"line":294,"column":5}},"294":{"start":{"line":295,"column":0},"end":{"line":295,"column":4}},"296":{"start":{"line":297,"column":0},"end":{"line":297,"column":10}},"297":{"start":{"line":298,"column":0},"end":{"line":298,"column":14}},"298":{"start":{"line":299,"column":0},"end":{"line":299,"column":128}},"310":{"start":{"line":311,"column":0},"end":{"line":311,"column":82}},"311":{"start":{"line":312,"column":0},"end":{"line":312,"column":6}},"312":{"start":{"line":313,"column":0},"end":{"line":313,"column":15}},"313":{"start":{"line":314,"column":0},"end":{"line":314,"column":137}},"324":{"start":{"line":325,"column":0},"end":{"line":325,"column":74}},"325":{"start":{"line":326,"column":0},"end":{"line":326,"column":5}},"326":{"start":{"line":327,"column":0},"end":{"line":327,"column":4}},"328":{"start":{"line":329,"column":0},"end":{"line":329,"column":10}},"329":{"start":{"line":330,"column":0},"end":{"line":330,"column":14}},"330":{"start":{"line":331,"column":0},"end":{"line":331,"column":120}},"342":{"start":{"line":343,"column":0},"end":{"line":343,"column":75}},"343":{"start":{"line":344,"column":0},"end":{"line":344,"column":6}},"344":{"start":{"line":345,"column":0},"end":{"line":345,"column":15}},"345":{"start":{"line":346,"column":0},"end":{"line":346,"column":115}},"356":{"start":{"line":357,"column":0},"end":{"line":357,"column":77}},"357":{"start":{"line":358,"column":0},"end":{"line":358,"column":5}},"358":{"start":{"line":359,"column":0},"end":{"line":359,"column":3}},"359":{"start":{"line":360,"column":0},"end":{"line":360,"column":2}},"368":{"start":{"line":369,"column":0},"end":{"line":369,"column":37}},"369":{"start":{"line":370,"column":0},"end":{"line":370,"column":23}},"370":{"start":{"line":371,"column":0},"end":{"line":371,"column":24}},"371":{"start":{"line":372,"column":0},"end":{"line":372,"column":23}},"372":{"start":{"line":373,"column":0},"end":{"line":373,"column":11}},"373":{"start":{"line":374,"column":0},"end":{"line":374,"column":57}},"375":{"start":{"line":376,"column":0},"end":{"line":376,"column":17}},"376":{"start":{"line":377,"column":0},"end":{"line":377,"column":85}},"377":{"start":{"line":378,"column":0},"end":{"line":378,"column":3}},"379":{"start":{"line":380,"column":0},"end":{"line":380,"column":21}},"380":{"start":{"line":381,"column":0},"end":{"line":381,"column":82}},"381":{"start":{"line":382,"column":0},"end":{"line":382,"column":3}},"383":{"start":{"line":384,"column":0},"end":{"line":384,"column":30}},"384":{"start":{"line":385,"column":0},"end":{"line":385,"column":1}},"392":{"start":{"line":393,"column":0},"end":{"line":393,"column":38}},"393":{"start":{"line":394,"column":0},"end":{"line":394,"column":23}},"394":{"start":{"line":395,"column":0},"end":{"line":395,"column":23}},"395":{"start":{"line":396,"column":0},"end":{"line":396,"column":23}},"396":{"start":{"line":397,"column":0},"end":{"line":397,"column":57}},"398":{"start":{"line":399,"column":0},"end":{"line":399,"column":17}},"399":{"start":{"line":400,"column":0},"end":{"line":400,"column":85}},"400":{"start":{"line":401,"column":0},"end":{"line":401,"column":3}},"402":{"start":{"line":403,"column":0},"end":{"line":403,"column":17}},"403":{"start":{"line":404,"column":0},"end":{"line":404,"column":1}},"408":{"start":{"line":409,"column":0},"end":{"line":409,"column":51}},"409":{"start":{"line":410,"column":0},"end":{"line":410,"column":57}},"410":{"start":{"line":411,"column":0},"end":{"line":411,"column":1}},"415":{"start":{"line":416,"column":0},"end":{"line":416,"column":67}},"416":{"start":{"line":417,"column":0},"end":{"line":417,"column":37}},"417":{"start":{"line":418,"column":0},"end":{"line":418,"column":1}}},"s":{"25":1,"26":1,"27":1,"28":1,"41":1,"42":1,"43":1,"44":1,"45":1,"46":1,"47":1,"48":1,"49":1,"62":1,"63":1,"64":1,"65":1,"66":1,"67":1,"68":1,"69":1,"71":1,"72":1,"73":1,"85":1,"86":1,"87":1,"88":1,"100":1,"101":1,"102":1,"104":1,"105":1,"106":1,"118":1,"119":1,"120":1,"121":1,"132":1,"133":1,"134":1,"136":1,"137":1,"138":1,"150":1,"151":1,"152":1,"153":1,"164":1,"165":1,"166":1,"168":1,"169":1,"170":1,"182":1,"183":1,"184":1,"185":1,"196":1,"197":1,"198":1,"200":1,"201":1,"202":1,"214":1,"215":1,"216":1,"217":1,"228":1,"229":1,"230":1,"232":1,"233":1,"234":1,"246":1,"247":1,"248":1,"249":1,"260":1,"261":1,"262":1,"264":1,"265":1,"266":1,"278":1,"279":1,"280":1,"281":1,"292":1,"293":1,"294":1,"296":1,"297":1,"298":1,"310":1,"311":1,"312":1,"313":1,"324":1,"325":1,"326":1,"328":1,"329":1,"330":1,"342":1,"343":1,"344":1,"345":1,"356":1,"357":1,"358":1,"359":1,"368":1,"369":7,"370":7,"371":7,"372":7,"373":7,"375":7,"376":2,"377":2,"379":7,"380":1,"381":1,"383":4,"384":4,"392":1,"393":22,"394":22,"395":22,"396":22,"398":22,"399":0,"400":0,"402":22,"403":22,"408":1,"409":3,"410":3,"415":1,"416":4,"417":4},"branchMap":{"0":{"type":"branch","line":369,"loc":{"start":{"line":369,"column":7},"end":{"line":385,"column":1}},"locations":[{"start":{"line":369,"column":7},"end":{"line":385,"column":1}}]},"1":{"type":"branch","line":374,"loc":{"start":{"line":374,"column":47},"end":{"line":374,"column":57}},"locations":[{"start":{"line":374,"column":47},"end":{"line":374,"column":57}}]},"2":{"type":"branch","line":376,"loc":{"start":{"line":376,"column":16},"end":{"line":378,"column":3}},"locations":[{"start":{"line":376,"column":16},"end":{"line":378,"column":3}}]},"3":{"type":"branch","line":378,"loc":{"start":{"line":378,"column":2},"end":{"line":380,"column":20}},"locations":[{"start":{"line":378,"column":2},"end":{"line":380,"column":20}}]},"4":{"type":"branch","line":380,"loc":{"start":{"line":380,"column":20},"end":{"line":382,"column":3}},"locations":[{"start":{"line":380,"column":20},"end":{"line":382,"column":3}}]},"5":{"type":"branch","line":382,"loc":{"start":{"line":382,"column":2},"end":{"line":385,"column":1}},"locations":[{"start":{"line":382,"column":2},"end":{"line":385,"column":1}}]},"6":{"type":"branch","line":393,"loc":{"start":{"line":393,"column":7},"end":{"line":404,"column":1}},"locations":[{"start":{"line":393,"column":7},"end":{"line":404,"column":1}}]},"7":{"type":"branch","line":399,"loc":{"start":{"line":399,"column":16},"end":{"line":401,"column":3}},"locations":[{"start":{"line":399,"column":16},"end":{"line":401,"column":3}}]},"8":{"type":"branch","line":409,"loc":{"start":{"line":409,"column":7},"end":{"line":411,"column":1}},"locations":[{"start":{"line":409,"column":7},"end":{"line":411,"column":1}}]},"9":{"type":"branch","line":416,"loc":{"start":{"line":416,"column":7},"end":{"line":418,"column":1}},"locations":[{"start":{"line":416,"column":7},"end":{"line":418,"column":1}}]}},"b":{"0":[7],"1":[6],"2":[2],"3":[5],"4":[1],"5":[4],"6":[22],"7":[0],"8":[3],"9":[4]},"fnMap":{"0":{"name":"getPersonalityPrompt","decl":{"start":{"line":369,"column":7},"end":{"line":385,"column":1}},"loc":{"start":{"line":369,"column":7},"end":{"line":385,"column":1}},"line":369},"1":{"name":"getPersonalityProfile","decl":{"start":{"line":393,"column":7},"end":{"line":404,"column":1}},"loc":{"start":{"line":393,"column":7},"end":{"line":404,"column":1}},"line":393},"2":{"name":"getAvailableAgents","decl":{"start":{"line":409,"column":7},"end":{"line":411,"column":1}},"loc":{"start":{"line":409,"column":7},"end":{"line":411,"column":1}},"line":409},"3":{"name":"isValidAgentName","decl":{"start":{"line":416,"column":7},"end":{"line":418,"column":1}},"loc":{"start":{"line":416,"column":7},"end":{"line":418,"column":1}},"line":416}},"f":{"0":7,"1":22,"2":3,"3":4}}
,"/Users/ericfriday/dev/clippyjs/packages/ai/src/providers/AIProvider.ts": {"path":"/Users/ericfriday/dev/clippyjs/packages/ai/src/providers/AIProvider.ts","all":true,"statementMap":{"116":{"start":{"line":117,"column":0},"end":{"line":117,"column":34}},"150":{"start":{"line":151,"column":0},"end":{"line":151,"column":1}}},"s":{"116":0,"150":0},"branchMap":{"0":{"type":"branch","line":1,"loc":{"start":{"line":1,"column":3140},"end":{"line":151,"column":1}},"locations":[{"start":{"line":1,"column":3140},"end":{"line":151,"column":1}}]}},"b":{"0":[1]},"fnMap":{"0":{"name":"(empty-report)","decl":{"start":{"line":1,"column":3140},"end":{"line":151,"column":1}},"loc":{"start":{"line":1,"column":3140},"end":{"line":151,"column":1}},"line":1}},"f":{"0":1}}
}
